2025-09-29 00:44:24,009 - __main__ - INFO - Package yfinance loaded successfully
2025-09-29 00:44:24,394 - __main__ - INFO - Package matplotlib loaded successfully
2025-09-29 00:44:24,398 - __main__ - INFO - Package pandas loaded successfully
2025-09-29 00:44:24,398 - __main__ - INFO - Package numpy loaded successfully
2025-09-29 00:44:24,405 - __main__ - INFO - Package plotly loaded successfully
2025-09-29 00:44:26,258 - __main__ - INFO - Package quantstats loaded successfully
2025-09-29 00:44:26,338 - __main__ - INFO - Database initialized successfully
2025-09-29 00:44:26,355 - __main__ - INFO - Database indexes created
2025-09-29 00:44:26,356 - __main__ - INFO - System initialized successfully
2025-09-29 00:44:41,882 - __main__ - WARNING - Position TEST exceeds 20.0% limit: 23.23%
2025-09-29 00:47:07,125 - __main__ - INFO - Package yfinance loaded successfully
2025-09-29 00:47:08,142 - __main__ - INFO - Package matplotlib loaded successfully
2025-09-29 00:47:08,154 - __main__ - INFO - Package pandas loaded successfully
2025-09-29 00:47:08,155 - __main__ - INFO - Package numpy loaded successfully
2025-09-29 00:47:08,198 - __main__ - INFO - Package plotly loaded successfully
2025-09-29 00:47:19,859 - __main__ - INFO - Package quantstats loaded successfully
2025-09-29 00:47:20,186 - __main__ - INFO - Database initialized successfully
2025-09-29 00:47:20,187 - __main__ - INFO - Database indexes created
2025-09-29 00:47:20,192 - __main__ - INFO - System initialized successfully
2025-09-29 00:48:04,471 - __main__ - INFO - Price monitoring stopped
2025-09-29 00:48:04,480 - __main__ - INFO - Exported 0 trades to trading_backup.json
2025-09-29 00:48:04,480 - __main__ - INFO - System shutdown complete
2025-09-29 00:48:07,350 - __main__ - INFO - Package yfinance loaded successfully
2025-09-29 00:48:07,458 - __main__ - INFO - Package matplotlib loaded successfully
2025-09-29 00:48:07,458 - __main__ - INFO - Package pandas loaded successfully
2025-09-29 00:48:07,458 - __main__ - INFO - Package numpy loaded successfully
2025-09-29 00:48:07,460 - __main__ - INFO - Package plotly loaded successfully
2025-09-29 00:48:09,113 - __main__ - INFO - Package quantstats loaded successfully
2025-09-29 00:48:09,167 - __main__ - INFO - Database initialized successfully
2025-09-29 00:48:09,167 - __main__ - INFO - Database indexes created
2025-09-29 00:48:09,168 - __main__ - INFO - System initialized successfully
2025-09-29 00:48:18,555 - __main__ - INFO - Price monitoring stopped
2025-09-29 00:48:18,557 - __main__ - INFO - Exported 0 trades to trading_backup.json
2025-09-29 00:48:18,557 - __main__ - INFO - System shutdown complete
2025-09-29 15:02:00,570 - __main__ - INFO - Package yfinance loaded successfully
2025-09-29 15:02:02,110 - __main__ - INFO - Package matplotlib loaded successfully
2025-09-29 15:02:02,111 - __main__ - INFO - Package pandas loaded successfully
2025-09-29 15:02:02,111 - __main__ - INFO - Package numpy loaded successfully
2025-09-29 15:02:02,130 - __main__ - INFO - Package plotly loaded successfully
2025-09-29 15:02:10,572 - __main__ - INFO - Package quantstats loaded successfully
2025-09-29 15:02:10,826 - __main__ - INFO - Database initialized successfully
2025-09-29 15:02:10,826 - __main__ - INFO - Database indexes created
2025-09-29 15:02:10,826 - __main__ - INFO - System initialized successfully
2025-09-29 15:03:47,167 - yfinance - ERROR - $APPL: possibly delisted; no price data found  (period=1)
2025-09-29 15:03:47,172 - yfinance - ERROR - $APPL: possibly delisted; no price data found  (period=1)
2025-09-29 15:03:47,186 - yfinance - ERROR - $APPL: possibly delisted; no price data found  (period=1)
2025-09-29 15:06:35,931 - __main__ - INFO - Price monitoring stopped
2025-09-29 15:06:35,938 - __main__ - INFO - Exported 0 trades to trading_backup.json
2025-09-29 15:06:35,939 - __main__ - INFO - System shutdown complete
